<?xml version="1.0" encoding="UTF-8"?>
<!-- Generated by org.testng.reporters.JUnitReportReporter -->
<testsuite hostname="Vishnu" name="com.intuit.AppTest" tests="1" failures="0" timestamp="11 Oct 2015 06:17:06 GMT" time="4.533" errors="0">
  <testcase name="sampleTest" time="4.533" classname="com.intuit.AppTest"/>
</testsuite> <!-- com.intuit.AppTest -->
